# JRE version: OpenJDK Runtime Environment Temurin-17.0.10+7 (17.0.10+7) (build 17.0.10+7)
# Java VM: OpenJDK 64-Bit Server VM Temurin-17.0.10+7 (17.0.10+7, mixed mode, emulated-client, tiered, compressed oops, compressed class ptrs, g1 gc, windows-amd64)
GC Precious Log:
 CPUs: 8 total, 8 available
 Memory: 7915M
 Large Page Support: Disabled
 NUMA Support: Disabled
 Compressed Oops: Enabled (32-bit)
 Heap Region Size: 1M
 Heap Min Capacity: 8M
 Heap Initial Capacity: 124M
 Heap Max Capacity: 1G
 Pre-touch: Disabled
 Parallel Workers: 8
 Concurrent Workers: 2
 Concurrent Refinement Workers: 8
 Periodic GC: Disabled
Heap:
 garbage-first heap   total 75776K, used 49699K [0x00000000c0000000, 0x0000000100000000)
  region size 1024K, 26 young (26624K), 4 survivors (4096K)
 Metaspace       used 38957K, committed 39360K, reserved 1114112K
  class space    used 5155K, committed 5376K, reserved 1048576K
GC Heap History (12 events):
Event: 12.126 GC heap before
{Heap before GC invocations=0 (full 0):
 garbage-first heap   total 126976K, used 28672K [0x00000000c0000000, 0x0000000100000000)
  region size 1024K, 23 young (23552K), 0 survivors (0K)
 Metaspace       used 8002K, committed 8128K, reserved 1114112K
  class space    used 884K, committed 960K, reserved 1048576K
}
Event: 12.139 GC heap after
{Heap after GC invocations=1 (full 0):
 garbage-first heap   total 126976K, used 15652K [0x00000000c0000000, 0x0000000100000000)
  region size 1024K, 3 young (3072K), 3 survivors (3072K)
 Metaspace       used 8002K, committed 8128K, reserved 1114112K
  class space    used 884K, committed 960K, reserved 1048576K
}
Event: 13.136 GC heap before
{Heap before GC invocations=1 (full 0):
 garbage-first heap   total 126976K, used 39204K [0x00000000c0000000, 0x0000000100000000)
  region size 1024K, 26 young (26624K), 3 survivors (3072K)
 Metaspace       used 13996K, committed 14208K, reserved 1114112K
  class space    used 1735K, committed 1856K, reserved 1048576K
}
Event: 13.148 GC heap after
{Heap after GC invocations=2 (full 0):
 garbage-first heap   total 126976K, used 17852K [0x00000000c0000000, 0x0000000100000000)
  region size 1024K, 2 young (2048K), 2 survivors (2048K)
 Metaspace       used 13996K, committed 14208K, reserved 1114112K
  class space    used 1735K, committed 1856K, reserved 1048576K
}
Event: 14.027 GC heap before
{Heap before GC invocations=2 (full 0):
 garbage-first heap   total 126976K, used 49596K [0x00000000c0000000, 0x0000000100000000)
  region size 1024K, 34 young (34816K), 2 survivors (2048K)
 Metaspace       used 21252K, committed 21504K, reserved 1114112K
  class space    used 2615K, committed 2752K, reserved 1048576K
}
Event: 14.034 GC heap after
{Heap after GC invocations=3 (full 0):
 garbage-first heap   total 126976K, used 20885K [0x00000000c0000000, 0x0000000100000000)
  region size 1024K, 5 young (5120K), 5 survivors (5120K)
 Metaspace       used 21252K, committed 21504K, reserved 1114112K
  class space    used 2615K, committed 2752K, reserved 1048576K
}
Event: 15.728 GC heap before
{Heap before GC invocations=4 (full 0):
 garbage-first heap   total 75776K, used 56725K [0x00000000c0000000, 0x0000000100000000)
  region size 1024K, 42 young (43008K), 5 survivors (5120K)
 Metaspace       used 27833K, committed 28096K, reserved 1114112K
  class space    used 3461K, committed 3584K, reserved 1048576K
}
Event: 15.743 GC heap after
{Heap after GC invocations=5 (full 0):
 garbage-first heap   total 75776K, used 23856K [0x00000000c0000000, 0x0000000100000000)
  region size 1024K, 6 young (6144K), 6 survivors (6144K)
 Metaspace       used 27833K, committed 28096K, reserved 1114112K
  class space    used 3461K, committed 3584K, reserved 1048576K
}
Event: 17.534 GC heap before
{Heap before GC invocations=5 (full 0):
 garbage-first heap   total 75776K, used 50480K [0x00000000c0000000, 0x0000000100000000)
  region size 1024K, 32 young (32768K), 6 survivors (6144K)
 Metaspace       used 32070K, committed 32512K, reserved 1114112K
  class space    used 4070K, committed 4288K, reserved 1048576K
}
Event: 17.551 GC heap after
{Heap after GC invocations=6 (full 0):
 garbage-first heap   total 75776K, used 26193K [0x00000000c0000000, 0x0000000100000000)
  region size 1024K, 3 young (3072K), 3 survivors (3072K)
 Metaspace       used 32070K, committed 32512K, reserved 1114112K
  class space    used 4070K, committed 4288K, reserved 1048576K
}
Event: 20.897 GC heap before
{Heap before GC invocations=6 (full 0):
 garbage-first heap   total 75776K, used 50769K [0x00000000c0000000, 0x0000000100000000)
  region size 1024K, 28 young (28672K), 3 survivors (3072K)
 Metaspace       used 35717K, committed 36096K, reserved 1114112K
  class space    used 4596K, committed 4800K, reserved 1048576K
}
Event: 20.919 GC heap after
{Heap after GC invocations=7 (full 0):
 garbage-first heap   total 75776K, used 28195K [0x00000000c0000000, 0x0000000100000000)
  region size 1024K, 4 young (4096K), 4 survivors (4096K)
 Metaspace       used 35717K, committed 36096K, reserved 1114112K
  class space    used 4596K, committed 4800K, reserved 1048576K
}

