# JRE version: OpenJDK Runtime Environment Temurin-17.0.10+7 (17.0.10+7) (build 17.0.10+7)
# Java VM: OpenJDK 64-Bit Server VM Temurin-17.0.10+7 (17.0.10+7, mixed mode, emulated-client, tiered, compressed oops, compressed class ptrs, g1 gc, windows-amd64)
GC Precious Log:
 CPUs: 8 total, 8 available
 Memory: 7915M
 Large Page Support: Disabled
 NUMA Support: Disabled
 Compressed Oops: Enabled (32-bit)
 Heap Region Size: 1M
 Heap Min Capacity: 8M
 Heap Initial Capacity: 124M
 Heap Max Capacity: 1G
 Pre-touch: Disabled
 Parallel Workers: 8
 Concurrent Workers: 2
 Concurrent Refinement Workers: 8
 Periodic GC: Disabled
Heap:
 garbage-first heap   total 99328K, used 35850K [0x00000000c0000000, 0x0000000100000000)
  region size 1024K, 1 young (1024K), 0 survivors (0K)
 Metaspace       used 58863K, committed 59328K, reserved 1114112K
  class space    used 7322K, committed 7552K, reserved 1048576K
GC Heap History (20 events):
Event: 7808.855 GC heap before
{Heap before GC invocations=713 (full 690):
 garbage-first heap   total 99328K, used 35850K [0x00000000c0000000, 0x0000000100000000)
  region size 1024K, 1 young (1024K), 0 survivors (0K)
 Metaspace       used 58863K, committed 59328K, reserved 1114112K
  class space    used 7322K, committed 7552K, reserved 1048576K
}
Event: 7808.905 GC heap after
{Heap after GC invocations=714 (full 691):
 garbage-first heap   total 99328K, used 35850K [0x00000000c0000000, 0x0000000100000000)
  region size 1024K, 0 young (0K), 0 survivors (0K)
 Metaspace       used 58863K, committed 59328K, reserved 1114112K
  class space    used 7322K, committed 7552K, reserved 1048576K
}
Event: 7819.085 GC heap before
{Heap before GC invocations=714 (full 691):
 garbage-first heap   total 99328K, used 35850K [0x00000000c0000000, 0x0000000100000000)
  region size 1024K, 1 young (1024K), 0 survivors (0K)
 Metaspace       used 58863K, committed 59328K, reserved 1114112K
  class space    used 7322K, committed 7552K, reserved 1048576K
}
Event: 7819.145 GC heap after
{Heap after GC invocations=715 (full 692):
 garbage-first heap   total 99328K, used 35850K [0x00000000c0000000, 0x0000000100000000)
  region size 1024K, 0 young (0K), 0 survivors (0K)
 Metaspace       used 58863K, committed 59328K, reserved 1114112K
  class space    used 7322K, committed 7552K, reserved 1048576K
}
Event: 7829.322 GC heap before
{Heap before GC invocations=715 (full 692):
 garbage-first heap   total 99328K, used 35850K [0x00000000c0000000, 0x0000000100000000)
  region size 1024K, 1 young (1024K), 0 survivors (0K)
 Metaspace       used 58863K, committed 59328K, reserved 1114112K
  class space    used 7322K, committed 7552K, reserved 1048576K
}
Event: 7829.377 GC heap after
{Heap after GC invocations=716 (full 693):
 garbage-first heap   total 99328K, used 35850K [0x00000000c0000000, 0x0000000100000000)
  region size 1024K, 0 young (0K), 0 survivors (0K)
 Metaspace       used 58863K, committed 59328K, reserved 1114112K
  class space    used 7322K, committed 7552K, reserved 1048576K
}
Event: 7839.614 GC heap before
{Heap before GC invocations=716 (full 693):
 garbage-first heap   total 99328K, used 35850K [0x00000000c0000000, 0x0000000100000000)
  region size 1024K, 1 young (1024K), 0 survivors (0K)
 Metaspace       used 58863K, committed 59328K, reserved 1114112K
  class space    used 7322K, committed 7552K, reserved 1048576K
}
Event: 7839.681 GC heap after
{Heap after GC invocations=717 (full 694):
 garbage-first heap   total 99328K, used 35850K [0x00000000c0000000, 0x0000000100000000)
  region size 1024K, 0 young (0K), 0 survivors (0K)
 Metaspace       used 58863K, committed 59328K, reserved 1114112K
  class space    used 7322K, committed 7552K, reserved 1048576K
}
Event: 7849.898 GC heap before
{Heap before GC invocations=717 (full 694):
 garbage-first heap   total 99328K, used 35850K [0x00000000c0000000, 0x0000000100000000)
  region size 1024K, 1 young (1024K), 0 survivors (0K)
 Metaspace       used 58863K, committed 59328K, reserved 1114112K
  class space    used 7322K, committed 7552K, reserved 1048576K
}
Event: 7849.967 GC heap after
{Heap after GC invocations=718 (full 695):
 garbage-first heap   total 99328K, used 35850K [0x00000000c0000000, 0x0000000100000000)
  region size 1024K, 0 young (0K), 0 survivors (0K)
 Metaspace       used 58863K, committed 59328K, reserved 1114112K
  class space    used 7322K, committed 7552K, reserved 1048576K
}
Event: 7860.177 GC heap before
{Heap before GC invocations=718 (full 695):
 garbage-first heap   total 99328K, used 35850K [0x00000000c0000000, 0x0000000100000000)
  region size 1024K, 1 young (1024K), 0 survivors (0K)
 Metaspace       used 58863K, committed 59328K, reserved 1114112K
  class space    used 7322K, committed 7552K, reserved 1048576K
}
Event: 7860.232 GC heap after
{Heap after GC invocations=719 (full 696):
 garbage-first heap   total 99328K, used 35850K [0x00000000c0000000, 0x0000000100000000)
  region size 1024K, 0 young (0K), 0 survivors (0K)
 Metaspace       used 58863K, committed 59328K, reserved 1114112K
  class space    used 7322K, committed 7552K, reserved 1048576K
}
Event: 7870.408 GC heap before
{Heap before GC invocations=719 (full 696):
 garbage-first heap   total 99328K, used 35850K [0x00000000c0000000, 0x0000000100000000)
  region size 1024K, 1 young (1024K), 0 survivors (0K)
 Metaspace       used 58863K, committed 59328K, reserved 1114112K
  class space    used 7322K, committed 7552K, reserved 1048576K
}
Event: 7870.457 GC heap after
{Heap after GC invocations=720 (full 697):
 garbage-first heap   total 99328K, used 35850K [0x00000000c0000000, 0x0000000100000000)
  region size 1024K, 0 young (0K), 0 survivors (0K)
 Metaspace       used 58863K, committed 59328K, reserved 1114112K
  class space    used 7322K, committed 7552K, reserved 1048576K
}
Event: 7880.647 GC heap before
{Heap before GC invocations=720 (full 697):
 garbage-first heap   total 99328K, used 35850K [0x00000000c0000000, 0x0000000100000000)
  region size 1024K, 1 young (1024K), 0 survivors (0K)
 Metaspace       used 58863K, committed 59328K, reserved 1114112K
  class space    used 7322K, committed 7552K, reserved 1048576K
}
Event: 7880.699 GC heap after
{Heap after GC invocations=721 (full 698):
 garbage-first heap   total 99328K, used 35850K [0x00000000c0000000, 0x0000000100000000)
  region size 1024K, 0 young (0K), 0 survivors (0K)
 Metaspace       used 58863K, committed 59328K, reserved 1114112K
  class space    used 7322K, committed 7552K, reserved 1048576K
}
Event: 7890.859 GC heap before
{Heap before GC invocations=721 (full 698):
 garbage-first heap   total 99328K, used 35850K [0x00000000c0000000, 0x0000000100000000)
  region size 1024K, 1 young (1024K), 0 survivors (0K)
 Metaspace       used 58863K, committed 59328K, reserved 1114112K
  class space    used 7322K, committed 7552K, reserved 1048576K
}
Event: 7890.916 GC heap after
{Heap after GC invocations=722 (full 699):
 garbage-first heap   total 99328K, used 35850K [0x00000000c0000000, 0x0000000100000000)
  region size 1024K, 0 young (0K), 0 survivors (0K)
 Metaspace       used 58863K, committed 59328K, reserved 1114112K
  class space    used 7322K, committed 7552K, reserved 1048576K
}
Event: 7901.155 GC heap before
{Heap before GC invocations=722 (full 699):
 garbage-first heap   total 99328K, used 35850K [0x00000000c0000000, 0x0000000100000000)
  region size 1024K, 1 young (1024K), 0 survivors (0K)
 Metaspace       used 58863K, committed 59328K, reserved 1114112K
  class space    used 7322K, committed 7552K, reserved 1048576K
}
Event: 7901.215 GC heap after
{Heap after GC invocations=723 (full 700):
 garbage-first heap   total 99328K, used 35850K [0x00000000c0000000, 0x0000000100000000)
  region size 1024K, 0 young (0K), 0 survivors (0K)
 Metaspace       used 58863K, committed 59328K, reserved 1114112K
  class space    used 7322K, committed 7552K, reserved 1048576K
}

